TN:
SF:index.js
FN:10,(anonymous_0)
FN:35,(anonymous_1)
FN:43,(anonymous_2)
FN:51,(anonymous_3)
FN:53,(anonymous_4)
FN:61,(anonymous_5)
FN:68,(anonymous_6)
FN:70,(anonymous_7)
FN:79,(anonymous_8)
FN:81,(anonymous_9)
FNF:10
FNH:10
FNDA:1,(anonymous_0)
FNDA:9,(anonymous_1)
FNDA:2,(anonymous_2)
FNDA:2,(anonymous_3)
FNDA:5,(anonymous_4)
FNDA:1,(anonymous_5)
FNDA:2,(anonymous_6)
FNDA:6,(anonymous_7)
FNDA:2,(anonymous_8)
FNDA:5,(anonymous_9)
DA:1,1
DA:2,1
DA:3,1
DA:4,1
DA:5,1
DA:6,1
DA:7,1
DA:10,1
DA:12,1
DA:35,1
DA:36,9
DA:43,1
DA:44,2
DA:45,2
DA:47,0
DA:51,1
DA:52,2
DA:53,5
DA:54,2
DA:55,1
DA:57,1
DA:61,1
DA:62,1
DA:63,1
DA:64,1
DA:65,1
DA:68,1
DA:69,2
DA:70,6
DA:71,2
DA:72,1
DA:73,1
DA:75,1
DA:79,1
DA:80,2
DA:81,5
DA:82,2
DA:83,1
DA:84,1
DA:86,1
DA:90,1
LF:41
LH:40
BRDA:54,0,0,1
BRDA:54,0,1,1
BRDA:71,1,0,1
BRDA:71,1,1,1
BRDA:82,2,0,1
BRDA:82,2,1,1
BRF:6
BRH:6
end_of_record
